[debug] [2020-08-05T03:33:43.000Z] ----------------------------------------------------------------------
[debug] [2020-08-05T03:33:43.000Z] Command:       C:\Program Files\nodejs\node.exe C:\Users\carlos.avilez\AppData\Roaming\npm\node_modules\firebase-tools\lib\bin\firebase.js init
[debug] [2020-08-05T03:33:43.000Z] CLI Version:   8.6.0
[debug] [2020-08-05T03:33:43.000Z] Platform:      win32
[debug] [2020-08-05T03:33:43.000Z] Node Version:  v12.18.3
[debug] [2020-08-05T03:33:43.000Z] Time:          Tue Aug 04 2020 20:33:43 GMT-0700 (GMT-07:00)
[debug] [2020-08-05T03:33:43.000Z] ----------------------------------------------------------------------
[debug] [2020-08-05T03:33:43.000Z] 
[debug] [2020-08-05T03:33:43.032Z] > command requires scopes: ["email","openid","https://www.googleapis.com/auth/cloudplatformprojects.readonly","https://www.googleapis.com/auth/firebase","https://www.googleapis.com/auth/cloud-platform"]
[debug] [2020-08-05T03:33:43.032Z] > authorizing via signed-in user
[info] 
     ######## #### ########  ######## ########     ###     ######  ########
     ##        ##  ##     ## ##       ##     ##  ##   ##  ##       ##
     ######    ##  ########  ######   ########  #########  ######  ######
     ##        ##  ##    ##  ##       ##     ## ##     ##       ## ##
     ##       #### ##     ## ######## ########  ##     ##  ######  ########

You're about to initialize a Firebase project in this directory:

  C:\Firebase\Home

Before we get started, keep in mind:

  * You are currently outside your home directory
  * You are initializing in an existing Firebase project directory

[debug] [2020-08-05T03:38:04.219Z] ----------------------------------------------------------------------
[debug] [2020-08-05T03:38:04.225Z] Command:       C:\Program Files\nodejs\node.exe C:\Users\carlos.avilez\AppData\Roaming\npm\node_modules\firebase-tools\lib\bin\firebase.js init
[debug] [2020-08-05T03:38:04.226Z] CLI Version:   8.6.0
[debug] [2020-08-05T03:38:04.226Z] Platform:      win32
[debug] [2020-08-05T03:38:04.226Z] Node Version:  v12.18.3
[debug] [2020-08-05T03:38:04.228Z] Time:          Tue Aug 04 2020 20:38:04 GMT-0700 (GMT-07:00)
[debug] [2020-08-05T03:38:04.229Z] ----------------------------------------------------------------------
[debug] [2020-08-05T03:38:04.229Z] 
[debug] [2020-08-05T03:38:04.250Z] > command requires scopes: ["email","openid","https://www.googleapis.com/auth/cloudplatformprojects.readonly","https://www.googleapis.com/auth/firebase","https://www.googleapis.com/auth/cloud-platform"]
[debug] [2020-08-05T03:38:04.252Z] > authorizing via signed-in user
[info] 
     ######## #### ########  ######## ########     ###     ######  ########
     ##        ##  ##     ## ##       ##     ##  ##   ##  ##       ##
     ######    ##  ########  ######   ########  #########  ######  ######
     ##        ##  ##    ##  ##       ##     ## ##     ##       ## ##
     ##       #### ##     ## ######## ########  ##     ##  ######  ########

You're about to initialize a Firebase project in this directory:

  C:\Firebase\Home

Before we get started, keep in mind:

  * You are currently outside your home directory
  * You are initializing in an existing Firebase project directory

